<?xml version="1.0" encoding="UTF-8"?>
<!-- Generated by org.testng.reporters.JUnitReportReporter -->
<testsuite hostname="LUMA-L0017" failures="0" tests="1" name="com.seleniumtesting.test.ECommerceTest" time="3.927" errors="0" timestamp="2022-06-11T23:02:50 EDT" skipped="0">
  <testcase classname="com.seleniumtesting.test.ECommerceTest" name="validateInvalidEmailAddress" time="3.927"/>
  <system-out/>
</testsuite> <!-- com.seleniumtesting.test.ECommerceTest -->
