<?xml version="1.0" encoding="UTF-8"?>
<!-- Generated by org.testng.reporters.JUnitReportReporter -->
<testsuite hostname="LUMA-L0017" failures="0" tests="1" name="com.seleniumtesting.test.DemoTableTests" time="3.500" errors="0" timestamp="2022-06-11T21:09:53 EDT" skipped="0">
  <testcase classname="com.seleniumtesting.test.DemoTableTests" name="getDemoTableValues" time="3.500"/>
  <system-out/>
</testsuite> <!-- com.seleniumtesting.test.DemoTableTests -->
